c:\users\samir\tpv2\tpv2\tpv2\tpv2\debug\vc142.pdb
c:\users\samir\tpv2\tpv2\tpv2\tpv2\debug\vc142.idb
c:\users\samir\tpv2\tpv2\tpv2\tpv2\debug\vector2d.obj
c:\users\samir\tpv2\tpv2\tpv2\tpv2\debug\collisions.obj
c:\users\samir\tpv2\tpv2\tpv2\tpv2\debug\texture.obj
c:\users\samir\tpv2\tpv2\tpv2\tpv2\debug\soundeffect.obj
c:\users\samir\tpv2\tpv2\tpv2\tpv2\debug\sdlutils.obj
c:\users\samir\tpv2\tpv2\tpv2\tpv2\debug\sdlutils_demo.obj
c:\users\samir\tpv2\tpv2\tpv2\tpv2\debug\main.obj
c:\users\samir\tpv2\tpv2\tpv2\tpv2\debug\jsonvalue.obj
c:\users\samir\tpv2\tpv2\tpv2\tpv2\debug\json.obj
c:\users\samir\tpv2\tpv2\tpv2\tpv2\debug\somplejson_demo.obj
c:\users\samir\tpv2\tpv2\tpv2\bin\tpv2debug.exe
c:\users\samir\tpv2\tpv2\tpv2\bin\tpv2debug.ilk
c:\users\samir\tpv2\tpv2\tpv2\bin\tpv2debug.pdb
c:\users\samir\tpv2\tpv2\tpv2\bin\tpv2debug.lib
c:\users\samir\tpv2\tpv2\tpv2\bin\tpv2debug.exp
c:\users\samir\tpv2\tpv2\tpv2\tpv2\debug\tpv2.tlog\cl.command.1.tlog
c:\users\samir\tpv2\tpv2\tpv2\tpv2\debug\tpv2.tlog\cl.read.1.tlog
c:\users\samir\tpv2\tpv2\tpv2\tpv2\debug\tpv2.tlog\cl.write.1.tlog
c:\users\samir\tpv2\tpv2\tpv2\tpv2\debug\tpv2.tlog\link.command.1.tlog
c:\users\samir\tpv2\tpv2\tpv2\tpv2\debug\tpv2.tlog\link.read.1.tlog
c:\users\samir\tpv2\tpv2\tpv2\tpv2\debug\tpv2.tlog\link.write.1.tlog
c:\users\samir\tpv2\tpv2\tpv2\tpv2\debug\tpv2.tlog\tpv2.write.1u.tlog
